mode: set
github.com/dayuwidayadi57/mathx/mathx.go:11.30,12.14 1 1
github.com/dayuwidayadi57/mathx/mathx.go:12.14,14.6 1 1
github.com/dayuwidayadi57/mathx/mathx.go:15.5,15.13 1 1
github.com/dayuwidayadi57/mathx/mathx.go:18.30,19.14 1 1
github.com/dayuwidayadi57/mathx/mathx.go:19.14,21.6 1 1
github.com/dayuwidayadi57/mathx/mathx.go:22.5,22.13 1 1
github.com/dayuwidayadi57/mathx/mathx.go:25.32,27.28 2 1
github.com/dayuwidayadi57/mathx/mathx.go:27.28,29.6 1 1
github.com/dayuwidayadi57/mathx/mathx.go:30.5,30.17 1 1
github.com/dayuwidayadi57/mathx/mathx.go:33.42,34.23 1 1
github.com/dayuwidayadi57/mathx/mathx.go:34.23,36.6 1 1
github.com/dayuwidayadi57/mathx/mathx.go:37.5,37.51 1 1
github.com/dayuwidayadi57/mathx/mathx.go:40.42,41.19 1 1
github.com/dayuwidayadi57/mathx/mathx.go:41.19,43.6 1 1
github.com/dayuwidayadi57/mathx/mathx.go:44.5,44.31 1 1
github.com/dayuwidayadi57/mathx/mathx.go:47.50,50.2 2 1
github.com/dayuwidayadi57/mathx/mathx.go:52.40,54.41 2 1
github.com/dayuwidayadi57/mathx/mathx.go:54.41,56.6 1 1
github.com/dayuwidayadi57/mathx/mathx.go:57.5,57.15 1 1
github.com/dayuwidayadi57/mathx/mathx.go:60.41,61.15 1 1
github.com/dayuwidayadi57/mathx/mathx.go:61.15,63.3 1 1
github.com/dayuwidayadi57/mathx/mathx.go:64.2,64.15 1 1
github.com/dayuwidayadi57/mathx/mathx.go:64.15,66.3 1 1
github.com/dayuwidayadi57/mathx/mathx.go:67.2,67.12 1 1
github.com/dayuwidayadi57/mathx/mathx.go:70.29,71.13 1 1
github.com/dayuwidayadi57/mathx/mathx.go:71.13,73.3 1 1
github.com/dayuwidayadi57/mathx/mathx.go:74.2,74.12 1 1
